2026-05-10T11:20:58.743Z - POST /api/auth/login started
2026-05-10T11:20:58.744Z - Connecting to DB...
2026-05-10T11:20:58.744Z - DB Connected
2026-05-10T11:20:58.744Z - Parsing request body...
2026-05-10T11:20:58.745Z - Login error: Bad escaped character in JSON at position 16 (line 1 column 17)
Stack: SyntaxError: Bad escaped character in JSON at position 16 (line 1 column 17)
    at JSON.parse (<anonymous>)
    at parseJSONFromBytes (node:internal/deps/undici/undici:4319:19)
    at successSteps (node:internal/deps/undici/undici:6967:27)
    at readAllBytes (node:internal/deps/undici/undici:5890:13)
    at process.processTicksAndRejections (node:internal/process/task_queues:104:5)
2026-05-10T13:22:06.159Z - POST /api/auth/login started
2026-05-10T13:22:06.161Z - Connecting to DB...
2026-05-10T13:22:06.164Z - DB Connected
2026-05-10T13:22:06.165Z - Parsing request body...
2026-05-10T13:22:06.169Z - Body parsed: {"mobileNumber":"0000000000","password":"password"}
2026-05-11T18:03:58.470Z - POST /api/auth/login started
2026-05-11T18:03:58.473Z - Connecting to DB...
2026-05-11T18:03:59.600Z - DB Connected
2026-05-11T18:03:59.603Z - Parsing request body...
2026-05-11T18:03:59.624Z - Body parsed: {"mobileNumber":"1111111111","password":"111111"}
2026-05-11T18:03:59.627Z - Finding user with mobile: 1111111111
2026-05-11T18:04:00.122Z - User found: Yes
2026-05-11T18:04:00.128Z - Checking password...
2026-05-11T18:04:00.499Z - Password match: true
2026-05-11T18:04:00.502Z - Login successful for user: 6a01c92e12d42ec6986709ab
2026-05-11T18:04:38.046Z - POST /api/auth/login started
2026-05-11T18:04:38.051Z - Connecting to DB...
2026-05-11T18:04:38.055Z - DB Connected
2026-05-11T18:04:38.058Z - Parsing request body...
2026-05-11T18:04:38.062Z - Body parsed: {"mobileNumber":"2222222222","password":"222222"}
2026-05-11T18:04:38.063Z - Finding user with mobile: 2222222222
2026-05-11T18:04:38.155Z - User found: Yes
2026-05-11T18:04:38.158Z - Checking password...
2026-05-11T18:04:38.415Z - Password match: true
2026-05-11T18:04:38.419Z - Login successful for user: 6a01c97912d42ec6986709ac
2026-05-11T18:05:02.674Z - POST /api/auth/login started
2026-05-11T18:05:02.675Z - Connecting to DB...
2026-05-11T18:05:02.677Z - DB Connected
2026-05-11T18:05:02.680Z - Parsing request body...
2026-05-11T18:05:02.684Z - Body parsed: {"mobileNumber":"0000000000","password":"password"}
2026-05-11T18:06:39.608Z - POST /api/auth/login started
2026-05-11T18:06:39.634Z - Connecting to DB...
2026-05-11T18:06:39.660Z - DB Connected
2026-05-11T18:06:39.683Z - Parsing request body...
2026-05-11T18:06:39.791Z - Body parsed: {"mobileNumber":"1111111111","password":"111111"}
2026-05-11T18:06:39.796Z - Finding user with mobile: 1111111111
2026-05-11T18:06:40.053Z - User found: Yes
2026-05-11T18:06:40.055Z - Checking password...
2026-05-11T18:06:40.695Z - Password match: true
2026-05-11T18:06:40.697Z - Login successful for user: 6a01c92e12d42ec6986709ab
2026-05-11T18:09:48.735Z - POST /api/auth/login started
2026-05-11T18:09:48.738Z - Connecting to DB...
2026-05-11T18:09:48.739Z - DB Connected
2026-05-11T18:09:48.741Z - Parsing request body...
2026-05-11T18:09:48.745Z - Body parsed: {"mobileNumber":"0000000000","password":"password"}
2026-05-11T18:40:35.667Z - POST /api/auth/login started
2026-05-11T18:40:35.670Z - Connecting to DB...
2026-05-11T18:40:35.671Z - DB Connected
2026-05-11T18:40:35.673Z - Parsing request body...
2026-05-11T18:40:35.679Z - Body parsed: {"mobileNumber":"2222222222","password":"222222"}
2026-05-11T18:40:35.680Z - Finding user with mobile: 2222222222
2026-05-11T18:40:35.755Z - User found: Yes
2026-05-11T18:40:35.756Z - Checking password...
2026-05-11T18:40:35.962Z - Password match: true
2026-05-11T18:40:35.964Z - Login successful for user: 6a01c97912d42ec6986709ac
2026-05-11T18:47:18.234Z - POST /api/auth/login started
2026-05-11T18:47:18.236Z - Connecting to DB...
2026-05-11T18:47:18.237Z - DB Connected
2026-05-11T18:47:18.238Z - Parsing request body...
2026-05-11T18:47:18.241Z - Body parsed: {"mobileNumber":"1111111111","password":"123456"}
2026-05-11T18:47:18.243Z - Finding user with mobile: 1111111111
2026-05-11T18:47:18.314Z - User found: Yes
2026-05-11T18:47:18.316Z - Checking password...
2026-05-11T18:47:18.635Z - Password match: false
2026-05-11T18:47:18.638Z - Password mismatch, returning 401
2026-05-11T18:47:26.380Z - POST /api/auth/login started
2026-05-11T18:47:26.381Z - Connecting to DB...
2026-05-11T18:47:26.383Z - DB Connected
2026-05-11T18:47:26.384Z - Parsing request body...
2026-05-11T18:47:26.387Z - Body parsed: {"mobileNumber":"1111111111","password":"123456"}
2026-05-11T18:47:26.389Z - Finding user with mobile: 1111111111
2026-05-11T18:47:26.453Z - User found: Yes
2026-05-11T18:47:26.455Z - Checking password...
2026-05-11T18:47:26.673Z - Password match: false
2026-05-11T18:47:26.676Z - Password mismatch, returning 401
2026-05-11T18:47:36.972Z - POST /api/auth/login started
2026-05-11T18:47:36.974Z - Connecting to DB...
2026-05-11T18:47:36.975Z - DB Connected
2026-05-11T18:47:36.977Z - Parsing request body...
2026-05-11T18:47:36.979Z - Body parsed: {"mobileNumber":"1111111111","password":"111111"}
2026-05-11T18:47:36.981Z - Finding user with mobile: 1111111111
2026-05-11T18:47:37.044Z - User found: Yes
2026-05-11T18:47:37.045Z - Checking password...
2026-05-11T18:47:37.255Z - Password match: true
2026-05-11T18:47:37.258Z - Login successful for user: 6a01c92e12d42ec6986709ab
2026-05-11T19:01:37.184Z - POST /api/auth/login started
2026-05-11T19:01:37.187Z - Connecting to DB...
2026-05-11T19:01:37.189Z - DB Connected
2026-05-11T19:01:37.191Z - Parsing request body...
2026-05-11T19:01:37.202Z - Body parsed: {"mobileNumber":"0000000000","password":"password"}
2026-05-11T19:20:49.816Z - POST /api/auth/login started
2026-05-11T19:20:49.817Z - Connecting to DB...
2026-05-11T19:20:49.819Z - DB Connected
2026-05-11T19:20:49.820Z - Parsing request body...
2026-05-11T19:20:49.827Z - Body parsed: {"mobileNumber":"1111111111","password":"111111"}
2026-05-11T19:20:49.829Z - Finding user with mobile: 1111111111
2026-05-11T19:20:49.955Z - User found: Yes
2026-05-11T19:20:49.958Z - Checking password...
2026-05-11T19:20:50.228Z - Password match: true
2026-05-11T19:20:50.230Z - Login successful for user: 6a01c92e12d42ec6986709ab
2026-05-11T19:22:11.929Z - POST /api/auth/login started
2026-05-11T19:22:11.932Z - Connecting to DB...
2026-05-11T19:22:11.935Z - DB Connected
2026-05-11T19:22:11.936Z - Parsing request body...
2026-05-11T19:22:11.939Z - Body parsed: {"mobileNumber":"1111111111","password":"111111"}
2026-05-11T19:22:11.940Z - Finding user with mobile: 1111111111
2026-05-11T19:22:11.999Z - User found: Yes
2026-05-11T19:22:12.006Z - Checking password...
2026-05-11T19:22:12.223Z - Password match: true
2026-05-11T19:22:12.225Z - Login successful for user: 6a01c92e12d42ec6986709ab
2026-05-11T19:22:24.548Z - POST /api/auth/login started
2026-05-11T19:22:24.550Z - Connecting to DB...
2026-05-11T19:22:24.552Z - DB Connected
2026-05-11T19:22:24.554Z - Parsing request body...
2026-05-11T19:22:24.558Z - Body parsed: {"mobileNumber":"2222222222","password":"222222"}
2026-05-11T19:22:24.560Z - Finding user with mobile: 2222222222
2026-05-11T19:22:24.610Z - User found: Yes
2026-05-11T19:22:24.612Z - Checking password...
2026-05-11T19:22:24.806Z - Password match: true
2026-05-11T19:22:24.808Z - Login successful for user: 6a01c97912d42ec6986709ac
2026-05-11T19:31:27.375Z - POST /api/auth/login started
2026-05-11T19:31:27.377Z - Connecting to DB...
2026-05-11T19:31:27.379Z - DB Connected
2026-05-11T19:31:27.380Z - Parsing request body...
2026-05-11T19:31:27.384Z - Body parsed: {"mobileNumber":"1111111111","password":"111111"}
2026-05-11T19:31:27.385Z - Finding user with mobile: 1111111111
2026-05-11T19:31:27.460Z - User found: Yes
2026-05-11T19:31:27.462Z - Checking password...
2026-05-11T19:31:27.672Z - Password match: true
2026-05-11T19:31:27.674Z - Login successful for user: 6a01c92e12d42ec6986709ab
2026-05-11T19:33:01.141Z - POST /api/auth/login started
2026-05-11T19:33:01.143Z - Connecting to DB...
2026-05-11T19:33:01.144Z - DB Connected
2026-05-11T19:33:01.145Z - Parsing request body...
2026-05-11T19:33:01.149Z - Body parsed: {"mobileNumber":"2222222222","password":"222222"}
2026-05-11T19:33:01.151Z - Finding user with mobile: 2222222222
2026-05-11T19:33:01.252Z - User found: Yes
2026-05-11T19:33:01.253Z - Checking password...
2026-05-11T19:33:01.472Z - Password match: true
2026-05-11T19:33:01.474Z - Login successful for user: 6a01c97912d42ec6986709ac
2026-05-11T19:38:09.940Z - POST /api/auth/login started
2026-05-11T19:38:09.941Z - Connecting to DB...
2026-05-11T19:38:09.943Z - DB Connected
2026-05-11T19:38:09.944Z - Parsing request body...
2026-05-11T19:38:09.947Z - Body parsed: {"mobileNumber":"1111111111","password":"111111"}
2026-05-11T19:38:09.949Z - Finding user with mobile: 1111111111
2026-05-11T19:38:15.672Z - User found: Yes
2026-05-11T19:38:15.676Z - Checking password...
2026-05-11T19:38:15.956Z - Password match: true
2026-05-11T19:38:15.958Z - Login successful for user: 6a01c92e12d42ec6986709ab
2026-05-11T19:59:43.725Z - POST /api/auth/login started
2026-05-11T19:59:43.728Z - Connecting to DB...
2026-05-11T19:59:43.730Z - DB Connected
2026-05-11T19:59:43.732Z - Parsing request body...
2026-05-11T19:59:43.735Z - Body parsed: {"mobileNumber":"1111111111","password":"111111"}
2026-05-11T19:59:43.737Z - Finding user with mobile: 1111111111
2026-05-11T19:59:43.834Z - User found: Yes
2026-05-11T19:59:43.836Z - Checking password...
2026-05-11T19:59:44.167Z - Password match: true
2026-05-11T19:59:44.169Z - Login successful for user: 6a01c92e12d42ec6986709ab
2026-05-11T20:00:24.600Z - POST /api/auth/login started
2026-05-11T20:00:24.602Z - Connecting to DB...
2026-05-11T20:00:24.604Z - DB Connected
2026-05-11T20:00:24.605Z - Parsing request body...
2026-05-11T20:00:24.609Z - Body parsed: {"mobileNumber":"2222222222","password":"222222"}
2026-05-11T20:00:24.610Z - Finding user with mobile: 2222222222
2026-05-11T20:00:24.674Z - User found: Yes
2026-05-11T20:00:24.675Z - Checking password...
2026-05-11T20:00:24.942Z - Password match: true
2026-05-11T20:00:24.943Z - Login successful for user: 6a01c97912d42ec6986709ac
2026-05-11T20:01:54.046Z - POST /api/auth/login started
2026-05-11T20:01:54.047Z - Connecting to DB...
2026-05-11T20:01:54.049Z - DB Connected
2026-05-11T20:01:54.050Z - Parsing request body...
2026-05-11T20:01:54.053Z - Body parsed: {"mobileNumber":"0000000000","password":"password"}
2026-05-11T20:02:41.970Z - POST /api/auth/login started
2026-05-11T20:02:41.971Z - Connecting to DB...
2026-05-11T20:02:41.972Z - DB Connected
2026-05-11T20:02:41.973Z - Parsing request body...
2026-05-11T20:02:41.976Z - Body parsed: {"mobileNumber":"22222222","password":"222222"}
2026-05-11T20:02:41.978Z - Finding user with mobile: 22222222
2026-05-11T20:02:42.047Z - User found: No
2026-05-11T20:02:42.049Z - User not found, returning 401
2026-05-11T20:02:46.341Z - POST /api/auth/login started
2026-05-11T20:02:46.344Z - Connecting to DB...
2026-05-11T20:02:46.346Z - DB Connected
2026-05-11T20:02:46.348Z - Parsing request body...
2026-05-11T20:02:46.353Z - Body parsed: {"mobileNumber":"22222222","password":"222222"}
2026-05-11T20:02:46.354Z - Finding user with mobile: 22222222
2026-05-11T20:02:46.406Z - User found: No
2026-05-11T20:02:46.409Z - User not found, returning 401
2026-05-11T20:02:57.808Z - POST /api/auth/login started
2026-05-11T20:02:57.811Z - Connecting to DB...
2026-05-11T20:02:57.812Z - DB Connected
2026-05-11T20:02:57.813Z - Parsing request body...
2026-05-11T20:02:57.816Z - Body parsed: {"mobileNumber":"22222222","password":"222222"}
2026-05-11T20:02:57.817Z - Finding user with mobile: 22222222
2026-05-11T20:02:57.879Z - User found: No
2026-05-11T20:02:57.882Z - User not found, returning 401
2026-05-11T20:03:04.407Z - POST /api/auth/login started
2026-05-11T20:03:04.408Z - Connecting to DB...
2026-05-11T20:03:04.409Z - DB Connected
2026-05-11T20:03:04.410Z - Parsing request body...
2026-05-11T20:03:04.413Z - Body parsed: {"mobileNumber":"2222222222","password":"222222"}
2026-05-11T20:03:04.414Z - Finding user with mobile: 2222222222
2026-05-11T20:03:04.479Z - User found: Yes
2026-05-11T20:03:04.507Z - Checking password...
2026-05-11T20:03:04.769Z - Password match: true
2026-05-11T20:03:04.771Z - Login successful for user: 6a01c97912d42ec6986709ac
2026-05-11T20:21:46.954Z - POST /api/auth/login started
2026-05-11T20:21:46.957Z - Connecting to DB...
2026-05-11T20:21:47.819Z - DB Connected
2026-05-11T20:21:47.821Z - Parsing request body...
2026-05-11T20:21:47.833Z - Body parsed: {"mobileNumber":"1111111111","password":"111111"}
2026-05-11T20:21:47.835Z - Finding user with mobile: 1111111111
2026-05-11T20:21:48.342Z - User found: Yes
2026-05-11T20:21:48.344Z - Checking password...
2026-05-11T20:21:48.599Z - Password match: true
2026-05-11T20:21:48.601Z - Login successful for user: 6a01c92e12d42ec6986709ab
2026-05-11T20:22:29.097Z - POST /api/auth/login started
2026-05-11T20:22:29.099Z - Connecting to DB...
2026-05-11T20:22:29.102Z - DB Connected
2026-05-11T20:22:29.104Z - Parsing request body...
2026-05-11T20:22:29.107Z - Body parsed: {"mobileNumber":"2222222222","password":"222222"}
2026-05-11T20:22:29.112Z - Finding user with mobile: 2222222222
2026-05-11T20:22:29.220Z - User found: Yes
2026-05-11T20:22:29.221Z - Checking password...
2026-05-11T20:22:29.428Z - Password match: true
2026-05-11T20:22:29.430Z - Login successful for user: 6a01c97912d42ec6986709ac
2026-05-11T20:23:07.370Z - POST /api/auth/login started
2026-05-11T20:23:07.372Z - Connecting to DB...
2026-05-11T20:23:07.373Z - DB Connected
2026-05-11T20:23:07.373Z - Parsing request body...
2026-05-11T20:23:07.376Z - Body parsed: {"mobileNumber":"0000000000","password":"password"}
2026-05-13T04:28:37.227Z - POST /api/auth/login started
2026-05-13T04:28:37.231Z - Connecting to DB...
2026-05-13T04:28:40.644Z - DB Connected
2026-05-13T04:28:40.646Z - Parsing request body...
2026-05-13T04:28:40.796Z - Body parsed: {"mobileNumber":"1111111111","password":"111111"}
2026-05-13T04:28:40.800Z - Finding user with mobile: 1111111111
2026-05-13T04:28:43.616Z - User found: Yes
2026-05-13T04:28:43.618Z - Checking password...
2026-05-13T04:28:44.619Z - Password match: true
2026-05-13T04:28:44.632Z - Login successful for user: 6a03fc3eef3a0493fe3316b1
2026-05-13T07:08:04.611Z - POST /api/auth/login started
2026-05-13T07:08:04.614Z - Connecting to DB...
2026-05-13T07:08:07.303Z - DB Connected
2026-05-13T07:08:07.305Z - Parsing request body...
2026-05-13T07:08:07.332Z - Body parsed: {"mobileNumber":"1111111111","password":"111111"}
2026-05-13T07:08:07.338Z - Finding user with mobile: 1111111111
2026-05-13T07:08:08.639Z - User found: Yes
2026-05-13T07:08:08.653Z - Checking password...
2026-05-13T07:08:08.865Z - Password match: true
2026-05-13T07:08:08.870Z - Login successful for user: 6a03fc3eef3a0493fe3316b1
